<?xml version="1.0" encoding="UTF-8"?>
<!-- Generated by org.testng.reporters.JUnitReportReporter -->
<testsuite skipped="0" hostname="DESKTOP-JOCF003" name="com.testcases.TC_LoginDDT_002" tests="4" failures="0" timestamp="03 Sep 2020 12:46:32 GMT" time="47.289" errors="0">
  <testcase name="loginTest" time="22.882" classname="com.testcases.TC_LoginDDT_002"/>
  <testcase name="loginTest" time="8.746" classname="com.testcases.TC_LoginDDT_002"/>
  <testcase name="loginTest" time="7.900" classname="com.testcases.TC_LoginDDT_002"/>
  <testcase name="loginTest" time="7.761" classname="com.testcases.TC_LoginDDT_002"/>
</testsuite> <!-- com.testcases.TC_LoginDDT_002 -->
