<?xml version="1.0" encoding="UTF-8"?>
<!-- Generated by org.testng.reporters.JUnitReportReporter -->
<testsuite skipped="0" hostname="DESKTOP-JOCF003" name="com.testcases.TC_SearchCustomerByName_005" tests="1" failures="0" timestamp="03 Sep 2020 12:46:32 GMT" time="16.348" errors="0">
  <testcase name="searchCustomerbyName" time="16.348" classname="com.testcases.TC_SearchCustomerByName_005"/>
</testsuite> <!-- com.testcases.TC_SearchCustomerByName_005 -->
